authors/reinetteallotey/restaurant_recommendation_app/build/app/intermediates/manifest_merge_blame_file/debug/manifest-merger-blame-debug-report.txt
1<?xml version="1.0" encoding="utf-8"?>
2<manifest xmlns:android="http://schemas.android.com/apk/res/android"
3    package="com.example.restaurant_recommendation_app"
4    android:versionCode="1"
5    android:versionName="1.0.0" >
6
7    <uses-sdk
8        android:minSdkVersion="23"
9        android:targetSdkVersion="30" />
10    <!--
11         Flutter needs it to communicate with the running application
12         to allow setting breakpoints, to provide hot reload, etc.
13    -->
14    <uses-permission android:name="android.permission.INTERNET" />
14-->src\debug\AndroidManifest.xml:6:5-66
14-->src\debug\AndroidManifest.xml:6:22-64
15    <uses-permission android:name="android.permission.ACCESS_FINE_LOCATION" />
15-->src\main\AndroidManifest.xml:4:5-79
15-->src\main\AndroidManifest.xml:4:22-76
16    <uses-permission android:name="android.permission.ACCESS_COARSE_LOCATION" />
16-->src\main\AndroidManifest.xml:5:5-81
16-->src\main\AndroidManifest.xml:5:22-78
17    <uses-permission android:name="android.permission.ACCESS_BACKGROUND_LOCATION" /> <!-- Include required permissions for Google Maps API to run. -->
17-->src\main\AndroidManifest.xml:6:5-85
17-->src\main\AndroidManifest.xml:6:22-82
18    <uses-permission android:name="android.permission.ACCESS_NETWORK_STATE" />
18-->[com.google.android.gms:play-services-maps:17.0.0] AndroidManifest.xml:23:5-79
18-->[com.google.android.gms:play-services-maps:17.0.0] AndroidManifest.xml:23:22-76
19
20    <uses-feature
20-->[com.google.android.gms:play-services-maps:17.0.0] AndroidManifest.xml:26:5-28:35
21        android:glEsVersion="0x00020000"
21-->[com.google.android.gms:play-services-maps:17.0.0] AndroidManifest.xml:27:9-41
22        android:required="true" />
22-->[com.google.android.gms:play-services-maps:17.0.0] AndroidManifest.xml:28:9-32
23
24    <application
24-->src\main\AndroidManifest.xml:9:5-48:19
25        android:appComponentFactory="androidx.core.app.CoreComponentFactory"
25-->[androidx.core:core:1.1.0] AndroidManifest.xml:24:18-86
26        android:debuggable="true"
27        android:icon="@mipmap/ic_launcher"
27-->src\main\AndroidManifest.xml:11:9-43
28        android:label="restaurant_recommendation_app" >
28-->src\main\AndroidManifest.xml:10:9-54
29        <activity
29-->src\main\AndroidManifest.xml:12:9-40:20
30            android:name="com.example.restaurant_recommendation_app.MainActivity"
30-->src\main\AndroidManifest.xml:13:13-41
31            android:configChanges="orientation|keyboardHidden|keyboard|screenSize|smallestScreenSize|locale|layoutDirection|fontScale|screenLayout|density|uiMode"
31-->src\main\AndroidManifest.xml:16:13-163
32            android:hardwareAccelerated="true"
32-->src\main\AndroidManifest.xml:17:13-47
33            android:launchMode="singleTop"
33-->src\main\AndroidManifest.xml:14:13-43
34            android:theme="@style/LaunchTheme"
34-->src\main\AndroidManifest.xml:15:13-47
35            android:windowSoftInputMode="adjustResize" >
35-->src\main\AndroidManifest.xml:18:13-55
36
37            <!--
38                 Specifies an Android theme to apply to this Activity as soon as
39                 the Android process has started. This theme is visible to the user
40                 while the Flutter UI initializes. After that, this theme continues
41                 to determine the Window background behind the Flutter UI.
42            -->
43            <meta-data
43-->src\main\AndroidManifest.xml:23:13-26:17
44                android:name="io.flutter.embedding.android.NormalTheme"
44-->src\main\AndroidManifest.xml:24:15-70
45                android:resource="@style/NormalTheme" />
45-->src\main\AndroidManifest.xml:25:15-52
46            <!--
47                 Displays an Android View that continues showing the launch screen
48                 Drawable until Flutter paints its first frame, then this splash
49                 screen fades out. A splash screen is useful to avoid any visual
50                 gap between the end of Android's launch screen and the painting of
51                 Flutter's first frame.
52            -->
53            <meta-data
53-->src\main\AndroidManifest.xml:32:13-35:17
54                android:name="io.flutter.embedding.android.SplashScreenDrawable"
54-->src\main\AndroidManifest.xml:33:15-79
55                android:resource="@drawable/launch_background" />
55-->src\main\AndroidManifest.xml:34:15-61
56
57            <intent-filter>
57-->src\main\AndroidManifest.xml:36:13-39:29
58                <action android:name="android.intent.action.MAIN" />
58-->src\main\AndroidManifest.xml:37:17-68
58-->src\main\AndroidManifest.xml:37:25-66
59
60                <category android:name="android.intent.category.LAUNCHER" />
60-->src\main\AndroidManifest.xml:38:17-76
60-->src\main\AndroidManifest.xml:38:27-74
61            </intent-filter>
62        </activity>
63        <!--
64             Don't delete the meta-data below.
65             This is used by the Flutter tool to generate GeneratedPluginRegistrant.java
66        -->
67        <meta-data
67-->src\main\AndroidManifest.xml:43:9-45:33
68            android:name="flutterEmbedding"
68-->src\main\AndroidManifest.xml:44:13-44
69            android:value="2" />
69-->src\main\AndroidManifest.xml:45:13-30
70        <meta-data
70-->src\main\AndroidManifest.xml:46:8-47:69
71            android:name="com.google.android.geo.API_KEY"
71-->src\main\AndroidManifest.xml:46:19-64
72            android:value="AIzaSyDl_zpjZNkDM5MTowdI6XC2fA3ImgT0MuM" />
72-->src\main\AndroidManifest.xml:47:12-67
73        <!-- Needs to be explicitly declared on P+ -->
74        <uses-library
74-->[com.google.android.gms:play-services-maps:17.0.0] AndroidManifest.xml:33:9-35:40
75            android:name="org.apache.http.legacy"
75-->[com.google.android.gms:play-services-maps:17.0.0] AndroidManifest.xml:34:13-50
76            android:required="false" />
76-->[com.google.android.gms:play-services-maps:17.0.0] AndroidManifest.xml:35:13-37
77
78        <activity
78-->[com.google.android.gms:play-services-base:17.0.0] AndroidManifest.xml:23:9-26:75
79            android:name="com.google.android.gms.common.api.GoogleApiActivity"
79-->[com.google.android.gms:play-services-base:17.0.0] AndroidManifest.xml:24:13-79
80            android:exported="false"
80-->[com.google.android.gms:play-services-base:17.0.0] AndroidManifest.xml:25:13-37
81            android:theme="@android:style/Theme.Translucent.NoTitleBar" />
81-->[com.google.android.gms:play-services-base:17.0.0] AndroidManifest.xml:26:13-72
82
83        <meta-data
83-->[com.google.android.gms:play-services-basement:17.0.0] AndroidManifest.xml:23:9-25:69
84            android:name="com.google.android.gms.version"
84-->[com.google.android.gms:play-services-basement:17.0.0] AndroidManifest.xml:24:13-58
85            android:value="@integer/google_play_services_version" />
85-->[com.google.android.gms:play-services-basement:17.0.0] AndroidManifest.xml:25:13-66
86    </application>
87
88</manifest>